<?xml version="1.0" encoding="UTF-8"?>
<testsuite name="roadrationing.regulation.impl.DefaultWeekdayRuleTypeProcessorTest" tests="1" skipped="0" failures="0" errors="0" timestamp="2017-09-05T04:25:30" hostname="hudson.beijing.objectiva.local" time="0.083">
  <properties/>
  <testcase name="testWeekdayRuleDay" classname="roadrationing.regulation.impl.DefaultWeekdayRuleTypeProcessorTest" time="0.083"/>
  <system-out><![CDATA[]]></system-out>
  <system-err><![CDATA[]]></system-err>
</testsuite>
